ERROR - 2025-09-24 18:10:32 --> Error connecting to the database: mysqli_sql_exception: No such file or directory in /Users/apple/Documents/spring-flowers/system/Database/MySQLi/Connection.php:201
Stack trace:
#0 /Users/apple/Documents/spring-flowers/system/Database/MySQLi/Connection.php(201): mysqli->real_connect('localhost', 'root', Object(SensitiveParameterValue), 'spring', 3306, '', 0)
#1 /Users/apple/Documents/spring-flowers/system/Database/BaseConnection.php(419): CodeIgniter\Database\MySQLi\Connection->connect(false)
#2 /Users/apple/Documents/spring-flowers/system/Database/BaseConnection.php(614): CodeIgniter\Database\BaseConnection->initialize()
#3 /Users/apple/Documents/spring-flowers/system/Database/BaseBuilder.php(2345): CodeIgniter\Database\BaseConnection->query('INSERT INTO `co...', Array, false)
#4 /Users/apple/Documents/spring-flowers/system/Model.php(394): CodeIgniter\Database\BaseBuilder->insert()
#5 /Users/apple/Documents/spring-flowers/system/BaseModel.php(838): CodeIgniter\Model->doInsert(Array)
#6 /Users/apple/Documents/spring-flowers/system/Model.php(797): CodeIgniter\BaseModel->insert(Array, false)
#7 /Users/apple/Documents/spring-flowers/system/BaseModel.php(751): CodeIgniter\Model->insert(Array, false)
#8 /Users/apple/Documents/spring-flowers/app/Controllers/Functions.php(20): CodeIgniter\BaseModel->save(Array)
#9 /Users/apple/Documents/spring-flowers/system/CodeIgniter.php(933): App\Controllers\Functions->ContactFunction()
#10 /Users/apple/Documents/spring-flowers/system/CodeIgniter.php(507): CodeIgniter\CodeIgniter->runController(Object(App\Controllers\Functions))
#11 /Users/apple/Documents/spring-flowers/system/CodeIgniter.php(354): CodeIgniter\CodeIgniter->handleRequest(NULL, Object(Config\Cache), false)
#12 /Users/apple/Documents/spring-flowers/system/Boot.php(363): CodeIgniter\CodeIgniter->run()
#13 /Users/apple/Documents/spring-flowers/system/Boot.php(68): CodeIgniter\Boot::runCodeIgniter(Object(CodeIgniter\CodeIgniter))
#14 /Users/apple/Documents/spring-flowers/public/index.php(59): CodeIgniter\Boot::bootWeb(Object(Config\Paths))
#15 /Users/apple/Documents/spring-flowers/system/rewrite.php(44): require_once('/Users/apple/Do...')
#16 {main}

Next CodeIgniter\Database\Exceptions\DatabaseException: No such file or directory in /Users/apple/Documents/spring-flowers/system/Database/MySQLi/Connection.php:246
Stack trace:
#0 /Users/apple/Documents/spring-flowers/system/Database/BaseConnection.php(419): CodeIgniter\Database\MySQLi\Connection->connect(false)
#1 /Users/apple/Documents/spring-flowers/system/Database/BaseConnection.php(614): CodeIgniter\Database\BaseConnection->initialize()
#2 /Users/apple/Documents/spring-flowers/system/Database/BaseBuilder.php(2345): CodeIgniter\Database\BaseConnection->query('INSERT INTO `co...', Array, false)
#3 /Users/apple/Documents/spring-flowers/system/Model.php(394): CodeIgniter\Database\BaseBuilder->insert()
#4 /Users/apple/Documents/spring-flowers/system/BaseModel.php(838): CodeIgniter\Model->doInsert(Array)
#5 /Users/apple/Documents/spring-flowers/system/Model.php(797): CodeIgniter\BaseModel->insert(Array, false)
#6 /Users/apple/Documents/spring-flowers/system/BaseModel.php(751): CodeIgniter\Model->insert(Array, false)
#7 /Users/apple/Documents/spring-flowers/app/Controllers/Functions.php(20): CodeIgniter\BaseModel->save(Array)
#8 /Users/apple/Documents/spring-flowers/system/CodeIgniter.php(933): App\Controllers\Functions->ContactFunction()
#9 /Users/apple/Documents/spring-flowers/system/CodeIgniter.php(507): CodeIgniter\CodeIgniter->runController(Object(App\Controllers\Functions))
#10 /Users/apple/Documents/spring-flowers/system/CodeIgniter.php(354): CodeIgniter\CodeIgniter->handleRequest(NULL, Object(Config\Cache), false)
#11 /Users/apple/Documents/spring-flowers/system/Boot.php(363): CodeIgniter\CodeIgniter->run()
#12 /Users/apple/Documents/spring-flowers/system/Boot.php(68): CodeIgniter\Boot::runCodeIgniter(Object(CodeIgniter\CodeIgniter))
#13 /Users/apple/Documents/spring-flowers/public/index.php(59): CodeIgniter\Boot::bootWeb(Object(Config\Paths))
#14 /Users/apple/Documents/spring-flowers/system/rewrite.php(44): require_once('/Users/apple/Do...')
#15 {main}
CRITICAL - 2025-09-24 18:10:32 --> CodeIgniter\Database\Exceptions\DatabaseException: Unable to connect to the database.
Main connection [MySQLi]: No such file or directory
[Method: POST, Route: contact-function]
in SYSTEMPATH/Database/BaseConnection.php on line 465.
 1 SYSTEMPATH/Database/BaseConnection.php(614): CodeIgniter\Database\BaseConnection->initialize()
 2 SYSTEMPATH/Database/BaseBuilder.php(2345): CodeIgniter\Database\BaseConnection->query('INSERT INTO `contact` (`name`, `email`, `phone`, `service`, `message`) VALUES (:name:, :email:, :phone:, :service:, :message:)', [...], false)
 3 SYSTEMPATH/Model.php(394): CodeIgniter\Database\BaseBuilder->insert()
 4 SYSTEMPATH/BaseModel.php(838): CodeIgniter\Model->doInsert([...])
 5 SYSTEMPATH/Model.php(797): CodeIgniter\BaseModel->insert([...], false)
 6 SYSTEMPATH/BaseModel.php(751): CodeIgniter\Model->insert([...], false)
 7 APPPATH/Controllers/Functions.php(20): CodeIgniter\BaseModel->save([...])
 8 SYSTEMPATH/CodeIgniter.php(933): App\Controllers\Functions->ContactFunction()
 9 SYSTEMPATH/CodeIgniter.php(507): CodeIgniter\CodeIgniter->runController(Object(App\Controllers\Functions))
10 SYSTEMPATH/CodeIgniter.php(354): CodeIgniter\CodeIgniter->handleRequest(null, Object(Config\Cache), false)
11 SYSTEMPATH/Boot.php(363): CodeIgniter\CodeIgniter->run()
12 SYSTEMPATH/Boot.php(68): CodeIgniter\Boot::runCodeIgniter(Object(CodeIgniter\CodeIgniter))
13 FCPATH/index.php(59): CodeIgniter\Boot::bootWeb(Object(Config\Paths))
14 SYSTEMPATH/rewrite.php(44): require_once('/Users/apple/Documents/spring-flowers/public/index.php')
ERROR - 2025-09-24 18:14:11 --> Error connecting to the database: mysqli_sql_exception: No such file or directory in /Users/apple/Documents/spring-flowers/system/Database/MySQLi/Connection.php:201
Stack trace:
#0 /Users/apple/Documents/spring-flowers/system/Database/MySQLi/Connection.php(201): mysqli->real_connect('localhost', 'root', Object(SensitiveParameterValue), 'spring', 3306, '', 0)
#1 /Users/apple/Documents/spring-flowers/system/Database/BaseConnection.php(419): CodeIgniter\Database\MySQLi\Connection->connect(false)
#2 /Users/apple/Documents/spring-flowers/system/Database/BaseConnection.php(614): CodeIgniter\Database\BaseConnection->initialize()
#3 /Users/apple/Documents/spring-flowers/system/Database/BaseBuilder.php(2345): CodeIgniter\Database\BaseConnection->query('INSERT INTO `co...', Array, false)
#4 /Users/apple/Documents/spring-flowers/system/Model.php(394): CodeIgniter\Database\BaseBuilder->insert()
#5 /Users/apple/Documents/spring-flowers/system/BaseModel.php(838): CodeIgniter\Model->doInsert(Array)
#6 /Users/apple/Documents/spring-flowers/system/Model.php(797): CodeIgniter\BaseModel->insert(Array, false)
#7 /Users/apple/Documents/spring-flowers/system/BaseModel.php(751): CodeIgniter\Model->insert(Array, false)
#8 /Users/apple/Documents/spring-flowers/app/Controllers/Functions.php(20): CodeIgniter\BaseModel->save(Array)
#9 /Users/apple/Documents/spring-flowers/system/CodeIgniter.php(933): App\Controllers\Functions->ContactFunction()
#10 /Users/apple/Documents/spring-flowers/system/CodeIgniter.php(507): CodeIgniter\CodeIgniter->runController(Object(App\Controllers\Functions))
#11 /Users/apple/Documents/spring-flowers/system/CodeIgniter.php(354): CodeIgniter\CodeIgniter->handleRequest(NULL, Object(Config\Cache), false)
#12 /Users/apple/Documents/spring-flowers/system/Boot.php(363): CodeIgniter\CodeIgniter->run()
#13 /Users/apple/Documents/spring-flowers/system/Boot.php(68): CodeIgniter\Boot::runCodeIgniter(Object(CodeIgniter\CodeIgniter))
#14 /Users/apple/Documents/spring-flowers/public/index.php(59): CodeIgniter\Boot::bootWeb(Object(Config\Paths))
#15 /Users/apple/Documents/spring-flowers/system/rewrite.php(44): require_once('/Users/apple/Do...')
#16 {main}

Next CodeIgniter\Database\Exceptions\DatabaseException: No such file or directory in /Users/apple/Documents/spring-flowers/system/Database/MySQLi/Connection.php:246
Stack trace:
#0 /Users/apple/Documents/spring-flowers/system/Database/BaseConnection.php(419): CodeIgniter\Database\MySQLi\Connection->connect(false)
#1 /Users/apple/Documents/spring-flowers/system/Database/BaseConnection.php(614): CodeIgniter\Database\BaseConnection->initialize()
#2 /Users/apple/Documents/spring-flowers/system/Database/BaseBuilder.php(2345): CodeIgniter\Database\BaseConnection->query('INSERT INTO `co...', Array, false)
#3 /Users/apple/Documents/spring-flowers/system/Model.php(394): CodeIgniter\Database\BaseBuilder->insert()
#4 /Users/apple/Documents/spring-flowers/system/BaseModel.php(838): CodeIgniter\Model->doInsert(Array)
#5 /Users/apple/Documents/spring-flowers/system/Model.php(797): CodeIgniter\BaseModel->insert(Array, false)
#6 /Users/apple/Documents/spring-flowers/system/BaseModel.php(751): CodeIgniter\Model->insert(Array, false)
#7 /Users/apple/Documents/spring-flowers/app/Controllers/Functions.php(20): CodeIgniter\BaseModel->save(Array)
#8 /Users/apple/Documents/spring-flowers/system/CodeIgniter.php(933): App\Controllers\Functions->ContactFunction()
#9 /Users/apple/Documents/spring-flowers/system/CodeIgniter.php(507): CodeIgniter\CodeIgniter->runController(Object(App\Controllers\Functions))
#10 /Users/apple/Documents/spring-flowers/system/CodeIgniter.php(354): CodeIgniter\CodeIgniter->handleRequest(NULL, Object(Config\Cache), false)
#11 /Users/apple/Documents/spring-flowers/system/Boot.php(363): CodeIgniter\CodeIgniter->run()
#12 /Users/apple/Documents/spring-flowers/system/Boot.php(68): CodeIgniter\Boot::runCodeIgniter(Object(CodeIgniter\CodeIgniter))
#13 /Users/apple/Documents/spring-flowers/public/index.php(59): CodeIgniter\Boot::bootWeb(Object(Config\Paths))
#14 /Users/apple/Documents/spring-flowers/system/rewrite.php(44): require_once('/Users/apple/Do...')
#15 {main}
CRITICAL - 2025-09-24 18:14:11 --> CodeIgniter\Database\Exceptions\DatabaseException: Unable to connect to the database.
Main connection [MySQLi]: No such file or directory
[Method: POST, Route: contact-function]
in SYSTEMPATH/Database/BaseConnection.php on line 465.
 1 SYSTEMPATH/Database/BaseConnection.php(614): CodeIgniter\Database\BaseConnection->initialize()
 2 SYSTEMPATH/Database/BaseBuilder.php(2345): CodeIgniter\Database\BaseConnection->query('INSERT INTO `contact` (`name`, `email`, `phone`, `service`, `message`) VALUES (:name:, :email:, :phone:, :service:, :message:)', [...], false)
 3 SYSTEMPATH/Model.php(394): CodeIgniter\Database\BaseBuilder->insert()
 4 SYSTEMPATH/BaseModel.php(838): CodeIgniter\Model->doInsert([...])
 5 SYSTEMPATH/Model.php(797): CodeIgniter\BaseModel->insert([...], false)
 6 SYSTEMPATH/BaseModel.php(751): CodeIgniter\Model->insert([...], false)
 7 APPPATH/Controllers/Functions.php(20): CodeIgniter\BaseModel->save([...])
 8 SYSTEMPATH/CodeIgniter.php(933): App\Controllers\Functions->ContactFunction()
 9 SYSTEMPATH/CodeIgniter.php(507): CodeIgniter\CodeIgniter->runController(Object(App\Controllers\Functions))
10 SYSTEMPATH/CodeIgniter.php(354): CodeIgniter\CodeIgniter->handleRequest(null, Object(Config\Cache), false)
11 SYSTEMPATH/Boot.php(363): CodeIgniter\CodeIgniter->run()
12 SYSTEMPATH/Boot.php(68): CodeIgniter\Boot::runCodeIgniter(Object(CodeIgniter\CodeIgniter))
13 FCPATH/index.php(59): CodeIgniter\Boot::bootWeb(Object(Config\Paths))
14 SYSTEMPATH/rewrite.php(44): require_once('/Users/apple/Documents/spring-flowers/public/index.php')
CRITICAL - 2025-09-24 18:15:04 --> ErrorException: Undefined property: App\Controllers\Functions::$session
[Method: POST, Route: contact-function]
in APPPATH/Controllers/Functions.php on line 23.
 1 APPPATH/Controllers/Functions.php(23): CodeIgniter\Debug\Exceptions->errorHandler(2, 'Undefined property: App\\Controllers\\Functions::$session', '/Users/apple/Documents/spring-flowers/app/Controllers/Functions.php', 23)
 2 SYSTEMPATH/CodeIgniter.php(933): App\Controllers\Functions->ContactFunction()
 3 SYSTEMPATH/CodeIgniter.php(507): CodeIgniter\CodeIgniter->runController(Object(App\Controllers\Functions))
 4 SYSTEMPATH/CodeIgniter.php(354): CodeIgniter\CodeIgniter->handleRequest(null, Object(Config\Cache), false)
 5 SYSTEMPATH/Boot.php(363): CodeIgniter\CodeIgniter->run()
 6 SYSTEMPATH/Boot.php(68): CodeIgniter\Boot::runCodeIgniter(Object(CodeIgniter\CodeIgniter))
 7 FCPATH/index.php(59): CodeIgniter\Boot::bootWeb(Object(Config\Paths))
 8 SYSTEMPATH/rewrite.php(44): require_once('/Users/apple/Documents/spring-flowers/public/index.php')
ERROR - 2025-09-24 19:07:06 --> mysqli_sql_exception: Duplicate entry 'vikram.bhanwala@thebrandbee.com' for key 'uniq_email' in /Users/apple/Documents/spring-flowers/system/Database/MySQLi/Connection.php:327
Stack trace:
#0 /Users/apple/Documents/spring-flowers/system/Database/MySQLi/Connection.php(327): mysqli->query('INSERT INTO `su...', 0)
#1 /Users/apple/Documents/spring-flowers/system/Database/BaseConnection.php(729): CodeIgniter\Database\MySQLi\Connection->execute('INSERT INTO `su...')
#2 /Users/apple/Documents/spring-flowers/system/Database/BaseConnection.php(646): CodeIgniter\Database\BaseConnection->simpleQuery('INSERT INTO `su...')
#3 /Users/apple/Documents/spring-flowers/system/Database/BaseBuilder.php(2345): CodeIgniter\Database\BaseConnection->query('INSERT INTO `su...', Array, false)
#4 /Users/apple/Documents/spring-flowers/system/Model.php(394): CodeIgniter\Database\BaseBuilder->insert()
#5 /Users/apple/Documents/spring-flowers/system/BaseModel.php(838): CodeIgniter\Model->doInsert(Array)
#6 /Users/apple/Documents/spring-flowers/system/Model.php(797): CodeIgniter\BaseModel->insert(Array, false)
#7 /Users/apple/Documents/spring-flowers/system/BaseModel.php(751): CodeIgniter\Model->insert(Array, false)
#8 /Users/apple/Documents/spring-flowers/app/Controllers/Functions.php(86): CodeIgniter\BaseModel->save(Array)
#9 /Users/apple/Documents/spring-flowers/system/CodeIgniter.php(933): App\Controllers\Functions->Subscribe()
#10 /Users/apple/Documents/spring-flowers/system/CodeIgniter.php(507): CodeIgniter\CodeIgniter->runController(Object(App\Controllers\Functions))
#11 /Users/apple/Documents/spring-flowers/system/CodeIgniter.php(354): CodeIgniter\CodeIgniter->handleRequest(NULL, Object(Config\Cache), false)
#12 /Users/apple/Documents/spring-flowers/system/Boot.php(363): CodeIgniter\CodeIgniter->run()
#13 /Users/apple/Documents/spring-flowers/system/Boot.php(68): CodeIgniter\Boot::runCodeIgniter(Object(CodeIgniter\CodeIgniter))
#14 /Users/apple/Documents/spring-flowers/public/index.php(59): CodeIgniter\Boot::bootWeb(Object(Config\Paths))
#15 /Users/apple/Documents/spring-flowers/system/rewrite.php(44): require_once('/Users/apple/Do...')
#16 {main}
CRITICAL - 2025-09-24 19:07:06 --> CodeIgniter\Database\Exceptions\DatabaseException: Duplicate entry 'vikram.bhanwala@thebrandbee.com' for key 'uniq_email'
[Method: POST, Route: subscribe]
in SYSTEMPATH/Database/BaseConnection.php on line 684.
 1 SYSTEMPATH/Database/BaseBuilder.php(2345): CodeIgniter\Database\BaseConnection->query('INSERT INTO `subscriptions` (`email`) VALUES (:email:)', [...], false)
 2 SYSTEMPATH/Model.php(394): CodeIgniter\Database\BaseBuilder->insert()
 3 SYSTEMPATH/BaseModel.php(838): CodeIgniter\Model->doInsert([...])
 4 SYSTEMPATH/Model.php(797): CodeIgniter\BaseModel->insert([...], false)
 5 SYSTEMPATH/BaseModel.php(751): CodeIgniter\Model->insert([...], false)
 6 APPPATH/Controllers/Functions.php(86): CodeIgniter\BaseModel->save([...])
 7 SYSTEMPATH/CodeIgniter.php(933): App\Controllers\Functions->Subscribe()
 8 SYSTEMPATH/CodeIgniter.php(507): CodeIgniter\CodeIgniter->runController(Object(App\Controllers\Functions))
 9 SYSTEMPATH/CodeIgniter.php(354): CodeIgniter\CodeIgniter->handleRequest(null, Object(Config\Cache), false)
10 SYSTEMPATH/Boot.php(363): CodeIgniter\CodeIgniter->run()
11 SYSTEMPATH/Boot.php(68): CodeIgniter\Boot::runCodeIgniter(Object(CodeIgniter\CodeIgniter))
12 FCPATH/index.php(59): CodeIgniter\Boot::bootWeb(Object(Config\Paths))
13 SYSTEMPATH/rewrite.php(44): require_once('/Users/apple/Documents/spring-flowers/public/index.php')
CRITICAL - 2025-09-24 19:07:06 --> [Caused by] CodeIgniter\Database\Exceptions\DatabaseException: Duplicate entry 'vikram.bhanwala@thebrandbee.com' for key 'uniq_email'
in SYSTEMPATH/Database/MySQLi/Connection.php on line 332.
 1 SYSTEMPATH/Database/BaseConnection.php(729): CodeIgniter\Database\MySQLi\Connection->execute('INSERT INTO `subscriptions` (`email`) VALUES (\'vikram.bhanwala@thebrandbee.com\')')
 2 SYSTEMPATH/Database/BaseConnection.php(646): CodeIgniter\Database\BaseConnection->simpleQuery('INSERT INTO `subscriptions` (`email`) VALUES (\'vikram.bhanwala@thebrandbee.com\')')
 3 SYSTEMPATH/Database/BaseBuilder.php(2345): CodeIgniter\Database\BaseConnection->query('INSERT INTO `subscriptions` (`email`) VALUES (:email:)', [...], false)
 4 SYSTEMPATH/Model.php(394): CodeIgniter\Database\BaseBuilder->insert()
 5 SYSTEMPATH/BaseModel.php(838): CodeIgniter\Model->doInsert([...])
 6 SYSTEMPATH/Model.php(797): CodeIgniter\BaseModel->insert([...], false)
 7 SYSTEMPATH/BaseModel.php(751): CodeIgniter\Model->insert([...], false)
 8 APPPATH/Controllers/Functions.php(86): CodeIgniter\BaseModel->save([...])
 9 SYSTEMPATH/CodeIgniter.php(933): App\Controllers\Functions->Subscribe()
10 SYSTEMPATH/CodeIgniter.php(507): CodeIgniter\CodeIgniter->runController(Object(App\Controllers\Functions))
11 SYSTEMPATH/CodeIgniter.php(354): CodeIgniter\CodeIgniter->handleRequest(null, Object(Config\Cache), false)
12 SYSTEMPATH/Boot.php(363): CodeIgniter\CodeIgniter->run()
13 SYSTEMPATH/Boot.php(68): CodeIgniter\Boot::runCodeIgniter(Object(CodeIgniter\CodeIgniter))
14 FCPATH/index.php(59): CodeIgniter\Boot::bootWeb(Object(Config\Paths))
15 SYSTEMPATH/rewrite.php(44): require_once('/Users/apple/Documents/spring-flowers/public/index.php')
CRITICAL - 2025-09-24 19:07:06 --> [Caused by] mysqli_sql_exception: Duplicate entry 'vikram.bhanwala@thebrandbee.com' for key 'uniq_email'
in SYSTEMPATH/Database/MySQLi/Connection.php on line 327.
 1 SYSTEMPATH/Database/MySQLi/Connection.php(327): mysqli->query('INSERT INTO `subscriptions` (`email`) VALUES (\'vikram.bhanwala@thebrandbee.com\')', 0)
 2 SYSTEMPATH/Database/BaseConnection.php(729): CodeIgniter\Database\MySQLi\Connection->execute('INSERT INTO `subscriptions` (`email`) VALUES (\'vikram.bhanwala@thebrandbee.com\')')
 3 SYSTEMPATH/Database/BaseConnection.php(646): CodeIgniter\Database\BaseConnection->simpleQuery('INSERT INTO `subscriptions` (`email`) VALUES (\'vikram.bhanwala@thebrandbee.com\')')
 4 SYSTEMPATH/Database/BaseBuilder.php(2345): CodeIgniter\Database\BaseConnection->query('INSERT INTO `subscriptions` (`email`) VALUES (:email:)', [...], false)
 5 SYSTEMPATH/Model.php(394): CodeIgniter\Database\BaseBuilder->insert()
 6 SYSTEMPATH/BaseModel.php(838): CodeIgniter\Model->doInsert([...])
 7 SYSTEMPATH/Model.php(797): CodeIgniter\BaseModel->insert([...], false)
 8 SYSTEMPATH/BaseModel.php(751): CodeIgniter\Model->insert([...], false)
 9 APPPATH/Controllers/Functions.php(86): CodeIgniter\BaseModel->save([...])
10 SYSTEMPATH/CodeIgniter.php(933): App\Controllers\Functions->Subscribe()
11 SYSTEMPATH/CodeIgniter.php(507): CodeIgniter\CodeIgniter->runController(Object(App\Controllers\Functions))
12 SYSTEMPATH/CodeIgniter.php(354): CodeIgniter\CodeIgniter->handleRequest(null, Object(Config\Cache), false)
13 SYSTEMPATH/Boot.php(363): CodeIgniter\CodeIgniter->run()
14 SYSTEMPATH/Boot.php(68): CodeIgniter\Boot::runCodeIgniter(Object(CodeIgniter\CodeIgniter))
15 FCPATH/index.php(59): CodeIgniter\Boot::bootWeb(Object(Config\Paths))
16 SYSTEMPATH/rewrite.php(44): require_once('/Users/apple/Documents/spring-flowers/public/index.php')
